
**** Build of configuration Nios II for project atravessador_uart ****

make mem_init_generate 
      0 [main] sh 10572 find_fast_cwd: WARNING: Couldn't compute FAST_CWD pointer.  Please report this problem to
the public mailing list cygwin@cygwin.com
      0 [main] sh 8428 find_fast_cwd: WARNING: Couldn't compute FAST_CWD pointer.  Please report this problem to
the public mailing list cygwin@cygwin.com
      0 [main] echo 9380 find_fast_cwd: WARNING: Couldn't compute FAST_CWD pointer.  Please report this problem to
Info: Building ../atravessador_uart_bsp/
the public mailing list cygwin@cygwin.com
make --no-print-directory -C ../atravessador_uart_bsp/
      1 [main] pwd 9156 find_fast_cwd: WARNING: Couldn't compute FAST_CWD pointer.  Please report this problem to
the public mailing list cygwin@cygwin.com
      1 [main] sh 8584 find_fast_cwd: WARNING: Couldn't compute FAST_CWD pointer.  Please report this problem to
the public mailing list cygwin@cygwin.com
      1 [main] sh 8984 find_fast_cwd: WARNING: Couldn't compute FAST_CWD pointer.  Please report this problem to
the public mailing list cygwin@cygwin.com
[BSP build complete]
      1 [main] true 8520 find_fast_cwd: WARNING: Couldn't compute FAST_CWD pointer.  Please report this problem to
the public mailing list cygwin@cygwin.com
      0 [main] echo 10400 find_fast_cwd: WARNING: Couldn't compute FAST_CWD pointer.  Please report this problem to
Post-processing to create mem_init/jtag_uart_sys_memory.hex...
the public mailing list cygwin@cygwin.com
      0 [main] mkdir 9076 find_fast_cwd: WARNING: Couldn't compute FAST_CWD pointer.  Please report this problem to
bash -c 'elf2hex atravessador_uart.elf 0x00000000 0x00001fff --width=32 \
the public mailing list cygwin@cygwin.com
		--little-endian-mem --create-lanes=0  mem_init/jtag_uart_sys_memory.hex'
      1 [main] bash 4948 find_fast_cwd: WARNING: Couldn't compute FAST_CWD pointer.  Please report this problem to
the public mailing list cygwin@cygwin.com
      1 [main] echo 4956 find_fast_cwd: WARNING: Couldn't compute FAST_CWD pointer.  Please report this problem to
Post-processing to create mem_init/hdl_sim/jtag_uart_sys_memory.dat...
the public mailing list cygwin@cygwin.com
      1 [main] mkdir 8232 find_fast_cwd: WARNING: Couldn't compute FAST_CWD pointer.  Please report this problem to
bash -c 'elf2dat --infile=atravessador_uart.elf --outfile=mem_init/hdl_sim/jtag_uart_sys_memory.dat \
		--base=0x00000000 --end=0x00001fff --width=32 \
the public mailing list cygwin@cygwin.com
		--little-endian-mem --create-lanes=0 '
      1 [main] bash 488 find_fast_cwd: WARNING: Couldn't compute FAST_CWD pointer.  Please report this problem to
the public mailing list cygwin@cygwin.com
      3 [main] echo 11028 find_fast_cwd: WARNING: Couldn't compute FAST_CWD pointer.  Please report this problem to
Post-processing to create mem_init/hdl_sim/jtag_uart_sys_memory.sym...
the public mailing list cygwin@cygwin.com
      2 [main] mkdir 11192 find_fast_cwd: WARNING: Couldn't compute FAST_CWD pointer.  Please report this problem to
nios2-elf-nm -n atravessador_uart.elf > mem_init/hdl_sim/jtag_uart_sys_memory.sym
the public mailing list cygwin@cygwin.com
      1 [main] sh 2068 find_fast_cwd: WARNING: Couldn't compute FAST_CWD pointer.  Please report this problem to
the public mailing list cygwin@cygwin.com

**** Build Finished ****
